2011/10/07 12:04:09 INFO  - jmeter.util.JMeterUtils: Setting Locale to es_NI 
2011/10/07 12:04:10 WARN  - jmeter.util.JMeterUtils: Could not find resources for 'es_NI', using 'es' 
2011/10/07 12:04:10 INFO  - jmeter.JMeter: Copyright (c) 1998-2009 The Apache Software Foundation 
2011/10/07 12:04:10 INFO  - jmeter.JMeter: Version 2.3.4 
2011/10/07 12:04:10 INFO  - jmeter.JMeter: java.version=1.6.0_22 
2011/10/07 12:04:10 INFO  - jmeter.JMeter: java.vm.name=OpenJDK Server VM 
2011/10/07 12:04:10 INFO  - jmeter.JMeter: os.name=Linux 
2011/10/07 12:04:10 INFO  - jmeter.JMeter: os.arch=i386 
2011/10/07 12:04:10 INFO  - jmeter.JMeter: os.version=2.6.38-11-generic 
2011/10/07 12:04:10 INFO  - jmeter.JMeter: file.encoding=UTF-8 
2011/10/07 12:04:10 INFO  - jmeter.JMeter: Default Locale=español (Nicaragua) 
2011/10/07 12:04:10 INFO  - jmeter.JMeter: JMeter  Locale=español (Nicaragua) 
2011/10/07 12:04:10 INFO  - jmeter.JMeter: JMeterHome=/usr/share/jmeter 
2011/10/07 12:04:10 INFO  - jmeter.JMeter: user.dir  =/home/eos87/code/django1.3/sisme 
2011/10/07 12:04:10 INFO  - jmeter.JMeter: PWD       =/home/eos87/code/django1.3/sisme 
2011/10/07 12:04:10 INFO  - jmeter.JMeter: IP: 127.0.1.1 Name: zion FullName: zion 
2011/10/07 12:04:10 INFO  - jmeter.JMeter: Loaded icon properties from org/apache/jmeter/images/icon.properties 
2011/10/07 12:04:15 INFO  - jmeter.util.BSFTestElement: Registering JMeter version of JavaScript engine as work-round for BSF-22 
2011/10/07 12:04:18 INFO  - jmeter.protocol.http.sampler.HTTPSamplerBase: No response parsers defined: text/html only will be scanned for embedded resources 
2011/10/07 12:04:18 INFO  - jmeter.protocol.http.sampler.HTTPSampler: Maximum connection retries = 10 
2011/10/07 12:04:18 INFO  - jmeter.protocol.http.sampler.HTTPSampler: Connection and read timeouts are available on this JVM 
2011/10/07 12:04:18 INFO  - jmeter.samplers.SampleResult: Note: Sample TimeStamps are END times 
2011/10/07 12:04:18 INFO  - jmeter.samplers.SampleResult: sampleresult.default.encoding is set to ISO-8859-1 
2011/10/07 12:09:11 INFO  - jmeter.engine.StandardJMeterEngine: Listeners will be started after enabling running version 
2011/10/07 12:09:11 INFO  - jmeter.engine.StandardJMeterEngine: To revert to the earlier behaviour, define jmeterengine.startlistenerslater=false 
2011/10/07 12:09:11 INFO  - jmeter.engine.StandardJMeterEngine: Running the test! 
2011/10/07 12:09:11 INFO  - jmeter.gui.util.JMeterMenuBar: setRunning(true,*local*) 
2011/10/07 12:09:12 INFO  - jmeter.engine.StandardJMeterEngine: All threads have been started 
2011/10/07 12:09:18 INFO  - jmeter.gui.action.Start: Stopping test 
